2020-04-29 17:26:36,695 INFO = root: Updating current image
2020-04-29 17:26:36,696 INFO = root: Background: image_current.png successfully opened.
2020-04-29 17:26:36,696 INFO = root: 1. Finding image:
2020-04-29 17:26:36,697 INFO = root: File named: conf/subreddits.txt successfully opened.
2020-04-29 17:26:36,697 INFO = root: File named: logs/proir_image.txt successfully opened.
2020-04-29 17:26:36,697 DEBUG = prawcore: Fetching: GET https://oauth.reddit.com/r/wallpapers/top
2020-04-29 17:26:36,698 DEBUG = prawcore: Data: None
2020-04-29 17:26:36,698 DEBUG = prawcore: Params: {'t': 'week', 'limit': 1, 'raw_json': 1}
2020-04-29 17:26:36,699 DEBUG = urllib3.connectionpool: Starting new HTTPS connection (1): www.reddit.com:443
2020-04-29 17:26:36,864 DEBUG = urllib3.connectionpool: https://www.reddit.com:443 "POST /api/v1/access_token HTTP/1.1" 200 106
2020-04-29 17:26:36,867 DEBUG = urllib3.connectionpool: Starting new HTTPS connection (1): oauth.reddit.com:443
2020-04-29 17:26:37,073 DEBUG = urllib3.connectionpool: https://oauth.reddit.com:443 "GET /r/wallpapers/top?t=week&limit=1&raw_json=1 HTTP/1.1" 200 2150
2020-04-29 17:26:37,074 DEBUG = prawcore: Response: 200 (2150 bytes)
2020-04-29 17:26:37,074 INFO = root: Reddit call limit:1
2020-04-29 17:26:37,074 DEBUG = prawcore: Fetching: GET https://oauth.reddit.com/r/wallpapers/top
2020-04-29 17:26:37,074 DEBUG = prawcore: Data: None
2020-04-29 17:26:37,074 DEBUG = prawcore: Params: {'t': 'week', 'limit': 2, 'raw_json': 1}
2020-04-29 17:26:37,075 DEBUG = urllib3.connectionpool: Starting new HTTPS connection (1): www.reddit.com:443
2020-04-29 17:26:37,274 DEBUG = urllib3.connectionpool: https://www.reddit.com:443 "POST /api/v1/access_token HTTP/1.1" 200 106
2020-04-29 17:26:37,275 DEBUG = urllib3.connectionpool: Starting new HTTPS connection (1): oauth.reddit.com:443
2020-04-29 17:26:37,497 DEBUG = urllib3.connectionpool: https://oauth.reddit.com:443 "GET /r/wallpapers/top?t=week&limit=2&raw_json=1 HTTP/1.1" 200 2702
2020-04-29 17:26:37,498 DEBUG = prawcore: Response: 200 (2702 bytes)
2020-04-29 17:26:37,498 INFO = root: Reddit call limit:2
2020-04-29 17:26:37,498 DEBUG = prawcore: Fetching: GET https://oauth.reddit.com/r/wallpapers/top
2020-04-29 17:26:37,498 DEBUG = prawcore: Data: None
2020-04-29 17:26:37,498 DEBUG = prawcore: Params: {'t': 'week', 'limit': 4, 'raw_json': 1}
2020-04-29 17:26:37,499 DEBUG = urllib3.connectionpool: Starting new HTTPS connection (1): www.reddit.com:443
2020-04-29 17:26:37,653 DEBUG = urllib3.connectionpool: https://www.reddit.com:443 "POST /api/v1/access_token HTTP/1.1" 200 106
2020-04-29 17:26:37,655 DEBUG = urllib3.connectionpool: Starting new HTTPS connection (1): oauth.reddit.com:443
2020-04-29 17:26:37,874 DEBUG = urllib3.connectionpool: https://oauth.reddit.com:443 "GET /r/wallpapers/top?t=week&limit=4&raw_json=1 HTTP/1.1" 200 4338
2020-04-29 17:26:37,875 DEBUG = prawcore: Response: 200 (4338 bytes)
2020-04-29 17:26:37,876 INFO = root: Reddit call limit:4
2020-04-29 17:26:37,876 DEBUG = prawcore: Fetching: GET https://oauth.reddit.com/r/wallpapers/top
2020-04-29 17:26:37,876 DEBUG = prawcore: Data: None
2020-04-29 17:26:37,876 DEBUG = prawcore: Params: {'t': 'week', 'limit': 8, 'raw_json': 1}
2020-04-29 17:26:37,877 DEBUG = urllib3.connectionpool: Starting new HTTPS connection (1): www.reddit.com:443
2020-04-29 17:26:38,033 DEBUG = urllib3.connectionpool: https://www.reddit.com:443 "POST /api/v1/access_token HTTP/1.1" 200 106
2020-04-29 17:26:38,035 DEBUG = urllib3.connectionpool: Starting new HTTPS connection (1): oauth.reddit.com:443
2020-04-29 17:26:38,326 DEBUG = urllib3.connectionpool: https://oauth.reddit.com:443 "GET /r/wallpapers/top?t=week&limit=8&raw_json=1 HTTP/1.1" 200 6434
2020-04-29 17:26:38,328 DEBUG = prawcore: Response: 200 (6434 bytes)
2020-04-29 17:26:38,329 INFO = root: Reddit call limit:8
2020-04-29 17:26:38,329 DEBUG = prawcore: Fetching: GET https://oauth.reddit.com/r/wallpapers/top
2020-04-29 17:26:38,330 DEBUG = prawcore: Data: None
2020-04-29 17:26:38,330 DEBUG = prawcore: Params: {'t': 'week', 'limit': 16, 'raw_json': 1}
2020-04-29 17:26:38,331 DEBUG = urllib3.connectionpool: Starting new HTTPS connection (1): www.reddit.com:443
2020-04-29 17:26:38,471 DEBUG = urllib3.connectionpool: https://www.reddit.com:443 "POST /api/v1/access_token HTTP/1.1" 200 106
2020-04-29 17:26:38,473 DEBUG = urllib3.connectionpool: Starting new HTTPS connection (1): oauth.reddit.com:443
2020-04-29 17:26:38,773 DEBUG = urllib3.connectionpool: https://oauth.reddit.com:443 "GET /r/wallpapers/top?t=week&limit=16&raw_json=1 HTTP/1.1" 200 10570
2020-04-29 17:26:38,777 DEBUG = prawcore: Response: 200 (10570 bytes)
2020-04-29 17:26:38,779 INFO = root: Reddit call limit:16
2020-04-29 17:26:38,779 DEBUG = prawcore: Fetching: GET https://oauth.reddit.com/r/wallpapers/top
2020-04-29 17:26:38,779 DEBUG = prawcore: Data: None
2020-04-29 17:26:38,779 DEBUG = prawcore: Params: {'t': 'week', 'limit': 32, 'raw_json': 1}
2020-04-29 17:26:38,780 DEBUG = urllib3.connectionpool: Starting new HTTPS connection (1): www.reddit.com:443
2020-04-29 17:26:38,926 DEBUG = urllib3.connectionpool: https://www.reddit.com:443 "POST /api/v1/access_token HTTP/1.1" 200 106
2020-04-29 17:26:38,927 DEBUG = urllib3.connectionpool: Starting new HTTPS connection (1): oauth.reddit.com:443
2020-04-29 17:26:39,511 DEBUG = urllib3.connectionpool: https://oauth.reddit.com:443 "GET /r/wallpapers/top?t=week&limit=32&raw_json=1 HTTP/1.1" 200 18573
2020-04-29 17:26:39,527 DEBUG = prawcore: Response: 200 (18573 bytes)
2020-04-29 17:26:39,531 INFO = root: Reddit call limit:32
2020-04-29 17:26:39,531 DEBUG = prawcore: Fetching: GET https://oauth.reddit.com/r/wallpapers/top
2020-04-29 17:26:39,531 DEBUG = prawcore: Data: None
2020-04-29 17:26:39,531 DEBUG = prawcore: Params: {'t': 'week', 'limit': 64, 'raw_json': 1}
2020-04-29 17:26:39,532 DEBUG = urllib3.connectionpool: Starting new HTTPS connection (1): www.reddit.com:443
2020-04-29 17:26:39,685 DEBUG = urllib3.connectionpool: https://www.reddit.com:443 "POST /api/v1/access_token HTTP/1.1" 200 106
2020-04-29 17:26:39,687 DEBUG = urllib3.connectionpool: Starting new HTTPS connection (1): oauth.reddit.com:443
2020-04-29 17:26:40,558 DEBUG = urllib3.connectionpool: https://oauth.reddit.com:443 "GET /r/wallpapers/top?t=week&limit=64&raw_json=1 HTTP/1.1" 200 35752
2020-04-29 17:26:40,579 DEBUG = prawcore: Response: 200 (35752 bytes)
2020-04-29 17:26:40,586 INFO = root: Reddit call limit:64
2020-04-29 17:26:40,586 INFO = root: Picture found
2020-04-29 17:26:40,587 DEBUG = urllib3.connectionpool: Starting new HTTPS connection (1): i.redd.it:443
2020-04-29 17:26:40,697 DEBUG = urllib3.connectionpool: https://i.redd.it:443 "GET /23n02lvyflv41.jpg HTTP/1.1" 200 121162
2020-04-29 17:26:40,764 INFO = root: 2. Logging proir image url
2020-04-29 17:26:40,765 INFO = root: 3. Coinverting picture to screen size and adding text
2020-04-29 17:26:42,337 INFO = root:   > Finding most frequent color in image
2020-04-29 17:26:42,419 INFO = root: Text color set: dark
2020-04-29 17:26:44,850 INFO = root: Adding text to image
2020-04-29 17:26:44,850 INFO = root:     - Cleaning text input
2020-04-29 17:26:44,855 INFO = root: Adding text to image
2020-04-29 17:26:44,855 INFO = root:     - Cleaning text input
2020-04-29 17:26:44,858 INFO = root: Adding text to image
2020-04-29 17:26:44,858 INFO = root:     - Cleaning text input
2020-04-29 17:26:46,058 INFO = root: 4. Picture saved
2020-04-29 17:27:10,658 INFO = root: Updating current image
2020-04-29 17:27:10,660 INFO = root: Background: image_current.png successfully opened.
2020-04-29 17:27:10,660 INFO = root: 1. Finding image:
2020-04-29 17:27:10,660 INFO = root: File named: conf/subreddits.txt successfully opened.
2020-04-29 17:27:10,660 INFO = root: File named: logs/proir_image.txt successfully opened.
2020-04-29 17:27:10,661 DEBUG = prawcore: Fetching: GET https://oauth.reddit.com/r/wallpapers/top
2020-04-29 17:27:10,661 DEBUG = prawcore: Data: None
2020-04-29 17:27:10,661 DEBUG = prawcore: Params: {'t': 'week', 'limit': 1, 'raw_json': 1}
2020-04-29 17:27:10,662 DEBUG = urllib3.connectionpool: Starting new HTTPS connection (1): www.reddit.com:443
2020-04-29 17:27:10,838 DEBUG = urllib3.connectionpool: https://www.reddit.com:443 "POST /api/v1/access_token HTTP/1.1" 200 106
2020-04-29 17:27:10,841 DEBUG = urllib3.connectionpool: Starting new HTTPS connection (1): oauth.reddit.com:443
2020-04-29 17:27:11,157 DEBUG = urllib3.connectionpool: https://oauth.reddit.com:443 "GET /r/wallpapers/top?t=week&limit=1&raw_json=1 HTTP/1.1" 200 2149
2020-04-29 17:27:11,159 DEBUG = prawcore: Response: 200 (2149 bytes)
2020-04-29 17:27:11,159 INFO = root: Reddit call limit:1
2020-04-29 17:27:11,160 DEBUG = prawcore: Fetching: GET https://oauth.reddit.com/r/wallpapers/top
2020-04-29 17:27:11,160 DEBUG = prawcore: Data: None
2020-04-29 17:27:11,160 DEBUG = prawcore: Params: {'t': 'week', 'limit': 2, 'raw_json': 1}
2020-04-29 17:27:11,161 DEBUG = urllib3.connectionpool: Starting new HTTPS connection (1): www.reddit.com:443
2020-04-29 17:27:11,319 DEBUG = urllib3.connectionpool: https://www.reddit.com:443 "POST /api/v1/access_token HTTP/1.1" 200 106
2020-04-29 17:27:11,321 DEBUG = urllib3.connectionpool: Starting new HTTPS connection (1): oauth.reddit.com:443
2020-04-29 17:27:11,570 DEBUG = urllib3.connectionpool: https://oauth.reddit.com:443 "GET /r/wallpapers/top?t=week&limit=2&raw_json=1 HTTP/1.1" 200 2704
2020-04-29 17:27:11,571 DEBUG = prawcore: Response: 200 (2704 bytes)
2020-04-29 17:27:11,572 INFO = root: Reddit call limit:2
2020-04-29 17:27:11,572 DEBUG = prawcore: Fetching: GET https://oauth.reddit.com/r/wallpapers/top
2020-04-29 17:27:11,572 DEBUG = prawcore: Data: None
2020-04-29 17:27:11,572 DEBUG = prawcore: Params: {'t': 'week', 'limit': 4, 'raw_json': 1}
2020-04-29 17:27:11,573 DEBUG = urllib3.connectionpool: Starting new HTTPS connection (1): www.reddit.com:443
2020-04-29 17:27:11,738 DEBUG = urllib3.connectionpool: https://www.reddit.com:443 "POST /api/v1/access_token HTTP/1.1" 200 106
2020-04-29 17:27:11,740 DEBUG = urllib3.connectionpool: Starting new HTTPS connection (1): oauth.reddit.com:443
2020-04-29 17:27:12,012 DEBUG = urllib3.connectionpool: https://oauth.reddit.com:443 "GET /r/wallpapers/top?t=week&limit=4&raw_json=1 HTTP/1.1" 200 4340
2020-04-29 17:27:12,013 DEBUG = prawcore: Response: 200 (4340 bytes)
2020-04-29 17:27:12,013 INFO = root: Reddit call limit:4
2020-04-29 17:27:12,013 DEBUG = prawcore: Fetching: GET https://oauth.reddit.com/r/wallpapers/top
2020-04-29 17:27:12,013 DEBUG = prawcore: Data: None
2020-04-29 17:27:12,013 DEBUG = prawcore: Params: {'t': 'week', 'limit': 8, 'raw_json': 1}
2020-04-29 17:27:12,015 DEBUG = urllib3.connectionpool: Starting new HTTPS connection (1): www.reddit.com:443
2020-04-29 17:27:12,239 DEBUG = urllib3.connectionpool: https://www.reddit.com:443 "POST /api/v1/access_token HTTP/1.1" 200 106
2020-04-29 17:27:12,241 DEBUG = urllib3.connectionpool: Starting new HTTPS connection (1): oauth.reddit.com:443
2020-04-29 17:27:12,473 DEBUG = urllib3.connectionpool: https://oauth.reddit.com:443 "GET /r/wallpapers/top?t=week&limit=8&raw_json=1 HTTP/1.1" 200 6409
2020-04-29 17:27:12,474 DEBUG = prawcore: Response: 200 (6409 bytes)
2020-04-29 17:27:12,475 INFO = root: Reddit call limit:8
2020-04-29 17:27:12,476 DEBUG = prawcore: Fetching: GET https://oauth.reddit.com/r/wallpapers/top
2020-04-29 17:27:12,476 DEBUG = prawcore: Data: None
2020-04-29 17:27:12,476 DEBUG = prawcore: Params: {'t': 'week', 'limit': 16, 'raw_json': 1}
2020-04-29 17:27:12,477 DEBUG = urllib3.connectionpool: Starting new HTTPS connection (1): www.reddit.com:443
2020-04-29 17:27:12,636 DEBUG = urllib3.connectionpool: https://www.reddit.com:443 "POST /api/v1/access_token HTTP/1.1" 200 106
2020-04-29 17:27:12,637 DEBUG = urllib3.connectionpool: Starting new HTTPS connection (1): oauth.reddit.com:443
2020-04-29 17:27:12,969 DEBUG = urllib3.connectionpool: https://oauth.reddit.com:443 "GET /r/wallpapers/top?t=week&limit=16&raw_json=1 HTTP/1.1" 200 10560
2020-04-29 17:27:12,970 DEBUG = prawcore: Response: 200 (10560 bytes)
2020-04-29 17:27:12,972 INFO = root: Reddit call limit:16
2020-04-29 17:27:12,973 DEBUG = prawcore: Fetching: GET https://oauth.reddit.com/r/wallpapers/top
2020-04-29 17:27:12,973 DEBUG = prawcore: Data: None
2020-04-29 17:27:12,973 DEBUG = prawcore: Params: {'t': 'week', 'limit': 32, 'raw_json': 1}
2020-04-29 17:27:12,973 DEBUG = urllib3.connectionpool: Starting new HTTPS connection (1): www.reddit.com:443
2020-04-29 17:27:13,131 DEBUG = urllib3.connectionpool: https://www.reddit.com:443 "POST /api/v1/access_token HTTP/1.1" 200 106
2020-04-29 17:27:13,133 DEBUG = urllib3.connectionpool: Starting new HTTPS connection (1): oauth.reddit.com:443
2020-04-29 17:27:13,764 DEBUG = urllib3.connectionpool: https://oauth.reddit.com:443 "GET /r/wallpapers/top?t=week&limit=32&raw_json=1 HTTP/1.1" 200 18520
2020-04-29 17:27:13,784 DEBUG = prawcore: Response: 200 (18520 bytes)
2020-04-29 17:27:13,787 INFO = root: Reddit call limit:32
2020-04-29 17:27:13,787 DEBUG = prawcore: Fetching: GET https://oauth.reddit.com/r/wallpapers/top
2020-04-29 17:27:13,787 DEBUG = prawcore: Data: None
2020-04-29 17:27:13,787 DEBUG = prawcore: Params: {'t': 'week', 'limit': 64, 'raw_json': 1}
2020-04-29 17:27:13,788 DEBUG = urllib3.connectionpool: Starting new HTTPS connection (1): www.reddit.com:443
2020-04-29 17:27:13,942 DEBUG = urllib3.connectionpool: https://www.reddit.com:443 "POST /api/v1/access_token HTTP/1.1" 200 106
2020-04-29 17:27:13,944 DEBUG = urllib3.connectionpool: Starting new HTTPS connection (1): oauth.reddit.com:443
2020-04-29 17:27:14,883 DEBUG = urllib3.connectionpool: https://oauth.reddit.com:443 "GET /r/wallpapers/top?t=week&limit=64&raw_json=1 HTTP/1.1" 200 35768
2020-04-29 17:27:14,904 DEBUG = prawcore: Response: 200 (35768 bytes)
2020-04-29 17:27:14,911 INFO = root: Reddit call limit:64
2020-04-29 17:27:14,911 INFO = root: Picture found
2020-04-29 17:27:14,912 DEBUG = urllib3.connectionpool: Starting new HTTPS connection (1): i.redd.it:443
2020-04-29 17:27:15,028 DEBUG = urllib3.connectionpool: https://i.redd.it:443 "GET /gvt230joapv41.jpg HTTP/1.1" 200 307838
2020-04-29 17:27:15,115 INFO = root: 2. Logging proir image url
2020-04-29 17:27:15,115 INFO = root: 3. Coinverting picture to screen size and adding text
2020-04-29 17:27:16,710 INFO = root: Finding most frequent color in image
2020-04-29 17:27:16,891 INFO = root: Text color set: light
2020-04-29 17:27:19,332 INFO = root: Adding text to image
2020-04-29 17:27:19,333 INFO = root: Cleaning text input
2020-04-29 17:27:19,347 INFO = root: Adding text to image
2020-04-29 17:27:19,347 INFO = root: Cleaning text input
2020-04-29 17:27:19,353 INFO = root: Adding text to image
2020-04-29 17:27:19,354 INFO = root: Cleaning text input
2020-04-29 17:27:20,583 INFO = root: 4. Picture saved
2020-04-29 18:04:19,553 INFO = root: Updating current image
2020-04-29 18:04:19,553 WARNING = root: Background update failed: image_current.jpg, Loading Default.
 ERROR: Path does not exist.
2020-04-29 18:04:19,553 INFO = root: Updating current image
2020-04-29 18:04:19,553 CRITICAL = root: Background update failed: image_default.jpg, Aborting program.
 ERROR: Path does not exist.
2020-04-29 18:05:15,770 INFO = root: Updating current image
2020-04-29 18:05:15,771 INFO = root: Background: img/image_current.jpg successfully opened.
2020-04-29 18:05:15,771 INFO = root: 1. Finding image:
2020-04-29 18:05:15,771 INFO = root: File named: conf/subreddits.txt successfully opened.
2020-04-29 18:05:15,771 INFO = root: File named: logs/proir_image.txt successfully opened.
2020-04-29 18:05:15,774 DEBUG = urllib3.connectionpool: Starting new HTTP connection (1): updatechecker.bryceboe.com:80
2020-04-29 18:05:16,112 DEBUG = urllib3.connectionpool: http://updatechecker.bryceboe.com:80 "PUT /check HTTP/1.1" 200 23
2020-04-29 18:05:16,113 DEBUG = prawcore: Fetching: GET https://oauth.reddit.com/r/wallpapers/top
2020-04-29 18:05:16,113 DEBUG = prawcore: Data: None
2020-04-29 18:05:16,113 DEBUG = prawcore: Params: {'t': 'week', 'limit': 1, 'raw_json': 1}
2020-04-29 18:05:16,114 DEBUG = urllib3.connectionpool: Starting new HTTPS connection (1): www.reddit.com:443
2020-04-29 18:05:16,286 DEBUG = urllib3.connectionpool: https://www.reddit.com:443 "POST /api/v1/access_token HTTP/1.1" 200 106
2020-04-29 18:05:16,287 DEBUG = urllib3.connectionpool: Starting new HTTPS connection (1): oauth.reddit.com:443
2020-04-29 18:05:16,571 DEBUG = urllib3.connectionpool: https://oauth.reddit.com:443 "GET /r/wallpapers/top?t=week&limit=1&raw_json=1 HTTP/1.1" 200 2153
2020-04-29 18:05:16,572 DEBUG = prawcore: Response: 200 (2153 bytes)
2020-04-29 18:05:16,573 INFO = root: Reddit call limit:1
2020-04-29 18:05:16,573 DEBUG = prawcore: Fetching: GET https://oauth.reddit.com/r/wallpapers/top
2020-04-29 18:05:16,573 DEBUG = prawcore: Data: None
2020-04-29 18:05:16,573 DEBUG = prawcore: Params: {'t': 'week', 'limit': 2, 'raw_json': 1}
2020-04-29 18:05:16,574 DEBUG = urllib3.connectionpool: Starting new HTTPS connection (1): www.reddit.com:443
2020-04-29 18:05:16,726 DEBUG = urllib3.connectionpool: https://www.reddit.com:443 "POST /api/v1/access_token HTTP/1.1" 200 106
2020-04-29 18:05:16,728 DEBUG = urllib3.connectionpool: Starting new HTTPS connection (1): oauth.reddit.com:443
2020-04-29 18:05:16,924 DEBUG = urllib3.connectionpool: https://oauth.reddit.com:443 "GET /r/wallpapers/top?t=week&limit=2&raw_json=1 HTTP/1.1" 200 2704
2020-04-29 18:05:16,925 DEBUG = prawcore: Response: 200 (2704 bytes)
2020-04-29 18:05:16,926 INFO = root: Reddit call limit:2
2020-04-29 18:05:16,926 DEBUG = prawcore: Fetching: GET https://oauth.reddit.com/r/wallpapers/top
2020-04-29 18:05:16,926 DEBUG = prawcore: Data: None
2020-04-29 18:05:16,926 DEBUG = prawcore: Params: {'t': 'week', 'limit': 4, 'raw_json': 1}
2020-04-29 18:05:16,927 DEBUG = urllib3.connectionpool: Starting new HTTPS connection (1): www.reddit.com:443
2020-04-29 18:05:17,065 DEBUG = urllib3.connectionpool: https://www.reddit.com:443 "POST /api/v1/access_token HTTP/1.1" 200 106
2020-04-29 18:05:17,067 DEBUG = urllib3.connectionpool: Starting new HTTPS connection (1): oauth.reddit.com:443
2020-04-29 18:05:17,268 DEBUG = urllib3.connectionpool: https://oauth.reddit.com:443 "GET /r/wallpapers/top?t=week&limit=4&raw_json=1 HTTP/1.1" 200 4340
2020-04-29 18:05:17,269 DEBUG = prawcore: Response: 200 (4340 bytes)
2020-04-29 18:05:17,270 INFO = root: Reddit call limit:4
2020-04-29 18:05:17,270 DEBUG = prawcore: Fetching: GET https://oauth.reddit.com/r/wallpapers/top
2020-04-29 18:05:17,270 DEBUG = prawcore: Data: None
2020-04-29 18:05:17,270 DEBUG = prawcore: Params: {'t': 'week', 'limit': 8, 'raw_json': 1}
2020-04-29 18:05:17,271 DEBUG = urllib3.connectionpool: Starting new HTTPS connection (1): www.reddit.com:443
2020-04-29 18:05:17,431 DEBUG = urllib3.connectionpool: https://www.reddit.com:443 "POST /api/v1/access_token HTTP/1.1" 200 106
2020-04-29 18:05:17,432 DEBUG = urllib3.connectionpool: Starting new HTTPS connection (1): oauth.reddit.com:443
2020-04-29 18:05:17,659 DEBUG = urllib3.connectionpool: https://oauth.reddit.com:443 "GET /r/wallpapers/top?t=week&limit=8&raw_json=1 HTTP/1.1" 200 6424
2020-04-29 18:05:17,660 DEBUG = prawcore: Response: 200 (6424 bytes)
2020-04-29 18:05:17,661 INFO = root: Reddit call limit:8
2020-04-29 18:05:17,661 DEBUG = prawcore: Fetching: GET https://oauth.reddit.com/r/wallpapers/top
2020-04-29 18:05:17,662 DEBUG = prawcore: Data: None
2020-04-29 18:05:17,662 DEBUG = prawcore: Params: {'t': 'week', 'limit': 16, 'raw_json': 1}
2020-04-29 18:05:17,662 DEBUG = urllib3.connectionpool: Starting new HTTPS connection (1): www.reddit.com:443
2020-04-29 18:05:17,812 DEBUG = urllib3.connectionpool: https://www.reddit.com:443 "POST /api/v1/access_token HTTP/1.1" 200 106
2020-04-29 18:05:17,814 DEBUG = urllib3.connectionpool: Starting new HTTPS connection (1): oauth.reddit.com:443
2020-04-29 18:05:18,133 DEBUG = urllib3.connectionpool: https://oauth.reddit.com:443 "GET /r/wallpapers/top?t=week&limit=16&raw_json=1 HTTP/1.1" 200 10569
2020-04-29 18:05:18,134 DEBUG = prawcore: Response: 200 (10569 bytes)
2020-04-29 18:05:18,136 INFO = root: Reddit call limit:16
2020-04-29 18:05:18,137 DEBUG = prawcore: Fetching: GET https://oauth.reddit.com/r/wallpapers/top
2020-04-29 18:05:18,137 DEBUG = prawcore: Data: None
2020-04-29 18:05:18,137 DEBUG = prawcore: Params: {'t': 'week', 'limit': 32, 'raw_json': 1}
2020-04-29 18:05:18,137 DEBUG = urllib3.connectionpool: Starting new HTTPS connection (1): www.reddit.com:443
2020-04-29 18:05:18,285 DEBUG = urllib3.connectionpool: https://www.reddit.com:443 "POST /api/v1/access_token HTTP/1.1" 200 106
2020-04-29 18:05:18,286 DEBUG = urllib3.connectionpool: Starting new HTTPS connection (1): oauth.reddit.com:443
2020-04-29 18:05:18,760 DEBUG = urllib3.connectionpool: https://oauth.reddit.com:443 "GET /r/wallpapers/top?t=week&limit=32&raw_json=1 HTTP/1.1" 200 18565
2020-04-29 18:05:18,780 DEBUG = prawcore: Response: 200 (18565 bytes)
2020-04-29 18:05:18,783 INFO = root: Reddit call limit:32
2020-04-29 18:05:18,784 DEBUG = prawcore: Fetching: GET https://oauth.reddit.com/r/wallpapers/top
2020-04-29 18:05:18,784 DEBUG = prawcore: Data: None
2020-04-29 18:05:18,784 DEBUG = prawcore: Params: {'t': 'week', 'limit': 64, 'raw_json': 1}
2020-04-29 18:05:18,785 DEBUG = urllib3.connectionpool: Starting new HTTPS connection (1): www.reddit.com:443
2020-04-29 18:05:18,926 DEBUG = urllib3.connectionpool: https://www.reddit.com:443 "POST /api/v1/access_token HTTP/1.1" 200 106
2020-04-29 18:05:18,927 DEBUG = urllib3.connectionpool: Starting new HTTPS connection (1): oauth.reddit.com:443
2020-04-29 18:05:19,615 DEBUG = urllib3.connectionpool: https://oauth.reddit.com:443 "GET /r/wallpapers/top?t=week&limit=64&raw_json=1 HTTP/1.1" 200 35764
2020-04-29 18:05:19,637 DEBUG = prawcore: Response: 200 (35764 bytes)
2020-04-29 18:05:19,644 INFO = root: Reddit call limit:64
2020-04-29 18:05:19,644 INFO = root: Picture found
2020-04-29 18:05:19,645 DEBUG = urllib3.connectionpool: Starting new HTTPS connection (1): i.redd.it:443
2020-04-29 18:05:19,759 DEBUG = urllib3.connectionpool: https://i.redd.it:443 "GET /t30q9liugnv41.jpg HTTP/1.1" 200 124737
2020-04-29 18:05:19,823 INFO = root: 2. Logging proir image url
2020-04-29 18:05:19,823 INFO = root: 3. Coinverting picture to screen size and adding text
2020-04-29 18:05:21,244 INFO = root: Finding most frequent color in image
2020-04-29 18:05:21,302 INFO = root: Text color set: light
2020-04-29 18:05:23,678 INFO = root: Adding text to image
2020-04-29 18:05:23,678 INFO = root: Cleaning text input
2020-04-29 18:05:23,687 INFO = root: Adding text to image
2020-04-29 18:05:23,687 INFO = root: Cleaning text input
2020-04-29 18:05:23,691 INFO = root: Adding text to image
2020-04-29 18:05:23,691 INFO = root: Cleaning text input
2020-04-29 18:05:24,890 INFO = root: 4. Picture saved
2020-04-29 18:06:58,411 INFO = root: Updating current image
2020-04-29 18:06:58,412 INFO = root: Background: img/image_current.jpg successfully opened.
2020-04-29 18:06:58,412 INFO = root: 1. Finding image:
2020-04-29 18:06:58,413 INFO = root: File named: conf/subreddits.txt successfully opened.
2020-04-29 18:06:58,413 INFO = root: File named: logs/proir_image.txt successfully opened.
2020-04-29 18:06:58,413 DEBUG = prawcore: Fetching: GET https://oauth.reddit.com/r/wallpapers/top
2020-04-29 18:06:58,413 DEBUG = prawcore: Data: None
2020-04-29 18:06:58,414 DEBUG = prawcore: Params: {'t': 'week', 'limit': 1, 'raw_json': 1}
2020-04-29 18:06:58,414 DEBUG = urllib3.connectionpool: Starting new HTTPS connection (1): www.reddit.com:443
2020-04-29 18:06:58,584 DEBUG = urllib3.connectionpool: https://www.reddit.com:443 "POST /api/v1/access_token HTTP/1.1" 200 106
2020-04-29 18:06:58,587 DEBUG = urllib3.connectionpool: Starting new HTTPS connection (1): oauth.reddit.com:443
2020-04-29 18:06:58,795 DEBUG = urllib3.connectionpool: https://oauth.reddit.com:443 "GET /r/wallpapers/top?t=week&limit=1&raw_json=1 HTTP/1.1" 200 2151
2020-04-29 18:06:58,796 DEBUG = prawcore: Response: 200 (2151 bytes)
2020-04-29 18:06:58,796 INFO = root: Reddit call limit:1
2020-04-29 18:06:58,797 DEBUG = prawcore: Fetching: GET https://oauth.reddit.com/r/wallpapers/top
2020-04-29 18:06:58,797 DEBUG = prawcore: Data: None
2020-04-29 18:06:58,797 DEBUG = prawcore: Params: {'t': 'week', 'limit': 2, 'raw_json': 1}
2020-04-29 18:06:58,798 DEBUG = urllib3.connectionpool: Starting new HTTPS connection (1): www.reddit.com:443
2020-04-29 18:06:58,936 DEBUG = urllib3.connectionpool: https://www.reddit.com:443 "POST /api/v1/access_token HTTP/1.1" 200 106
2020-04-29 18:06:58,938 DEBUG = urllib3.connectionpool: Starting new HTTPS connection (1): oauth.reddit.com:443
2020-04-29 18:06:59,142 DEBUG = urllib3.connectionpool: https://oauth.reddit.com:443 "GET /r/wallpapers/top?t=week&limit=2&raw_json=1 HTTP/1.1" 200 2702
2020-04-29 18:06:59,143 DEBUG = prawcore: Response: 200 (2702 bytes)
2020-04-29 18:06:59,143 INFO = root: Reddit call limit:2
2020-04-29 18:06:59,144 DEBUG = prawcore: Fetching: GET https://oauth.reddit.com/r/wallpapers/top
2020-04-29 18:06:59,144 DEBUG = prawcore: Data: None
2020-04-29 18:06:59,144 DEBUG = prawcore: Params: {'t': 'week', 'limit': 4, 'raw_json': 1}
2020-04-29 18:06:59,144 DEBUG = urllib3.connectionpool: Starting new HTTPS connection (1): www.reddit.com:443
2020-04-29 18:06:59,291 DEBUG = urllib3.connectionpool: https://www.reddit.com:443 "POST /api/v1/access_token HTTP/1.1" 200 106
2020-04-29 18:06:59,293 DEBUG = urllib3.connectionpool: Starting new HTTPS connection (1): oauth.reddit.com:443
2020-04-29 18:06:59,545 DEBUG = urllib3.connectionpool: https://oauth.reddit.com:443 "GET /r/wallpapers/top?t=week&limit=4&raw_json=1 HTTP/1.1" 200 4341
2020-04-29 18:06:59,546 DEBUG = prawcore: Response: 200 (4341 bytes)
2020-04-29 18:06:59,547 INFO = root: Reddit call limit:4
2020-04-29 18:06:59,547 DEBUG = prawcore: Fetching: GET https://oauth.reddit.com/r/wallpapers/top
2020-04-29 18:06:59,547 DEBUG = prawcore: Data: None
2020-04-29 18:06:59,547 DEBUG = prawcore: Params: {'t': 'week', 'limit': 8, 'raw_json': 1}
2020-04-29 18:06:59,548 DEBUG = urllib3.connectionpool: Starting new HTTPS connection (1): www.reddit.com:443
2020-04-29 18:06:59,691 DEBUG = urllib3.connectionpool: https://www.reddit.com:443 "POST /api/v1/access_token HTTP/1.1" 200 106
2020-04-29 18:06:59,692 DEBUG = urllib3.connectionpool: Starting new HTTPS connection (1): oauth.reddit.com:443
2020-04-29 18:06:59,949 DEBUG = urllib3.connectionpool: https://oauth.reddit.com:443 "GET /r/wallpapers/top?t=week&limit=8&raw_json=1 HTTP/1.1" 200 6437
2020-04-29 18:06:59,950 DEBUG = prawcore: Response: 200 (6437 bytes)
2020-04-29 18:06:59,951 INFO = root: Reddit call limit:8
2020-04-29 18:06:59,952 DEBUG = prawcore: Fetching: GET https://oauth.reddit.com/r/wallpapers/top
2020-04-29 18:06:59,952 DEBUG = prawcore: Data: None
2020-04-29 18:06:59,952 DEBUG = prawcore: Params: {'t': 'week', 'limit': 16, 'raw_json': 1}
2020-04-29 18:06:59,952 DEBUG = urllib3.connectionpool: Starting new HTTPS connection (1): www.reddit.com:443
2020-04-29 18:07:00,103 DEBUG = urllib3.connectionpool: https://www.reddit.com:443 "POST /api/v1/access_token HTTP/1.1" 200 106
2020-04-29 18:07:00,105 DEBUG = urllib3.connectionpool: Starting new HTTPS connection (1): oauth.reddit.com:443
2020-04-29 18:07:00,435 DEBUG = urllib3.connectionpool: https://oauth.reddit.com:443 "GET /r/wallpapers/top?t=week&limit=16&raw_json=1 HTTP/1.1" 200 10565
2020-04-29 18:07:00,438 DEBUG = prawcore: Response: 200 (10565 bytes)
2020-04-29 18:07:00,439 INFO = root: Reddit call limit:16
2020-04-29 18:07:00,440 DEBUG = prawcore: Fetching: GET https://oauth.reddit.com/r/wallpapers/top
2020-04-29 18:07:00,440 DEBUG = prawcore: Data: None
2020-04-29 18:07:00,440 DEBUG = prawcore: Params: {'t': 'week', 'limit': 32, 'raw_json': 1}
2020-04-29 18:07:00,441 DEBUG = urllib3.connectionpool: Starting new HTTPS connection (1): www.reddit.com:443
2020-04-29 18:07:00,579 DEBUG = urllib3.connectionpool: https://www.reddit.com:443 "POST /api/v1/access_token HTTP/1.1" 200 106
2020-04-29 18:07:00,581 DEBUG = urllib3.connectionpool: Starting new HTTPS connection (1): oauth.reddit.com:443
2020-04-29 18:07:00,998 DEBUG = urllib3.connectionpool: https://oauth.reddit.com:443 "GET /r/wallpapers/top?t=week&limit=32&raw_json=1 HTTP/1.1" 200 18542
2020-04-29 18:07:01,016 DEBUG = prawcore: Response: 200 (18542 bytes)
2020-04-29 18:07:01,019 INFO = root: Reddit call limit:32
2020-04-29 18:07:01,019 DEBUG = prawcore: Fetching: GET https://oauth.reddit.com/r/wallpapers/top
2020-04-29 18:07:01,019 DEBUG = prawcore: Data: None
2020-04-29 18:07:01,019 DEBUG = prawcore: Params: {'t': 'week', 'limit': 64, 'raw_json': 1}
2020-04-29 18:07:01,020 DEBUG = urllib3.connectionpool: Starting new HTTPS connection (1): www.reddit.com:443
2020-04-29 18:07:01,168 DEBUG = urllib3.connectionpool: https://www.reddit.com:443 "POST /api/v1/access_token HTTP/1.1" 200 106
2020-04-29 18:07:01,170 DEBUG = urllib3.connectionpool: Starting new HTTPS connection (1): oauth.reddit.com:443
2020-04-29 18:07:02,178 DEBUG = urllib3.connectionpool: https://oauth.reddit.com:443 "GET /r/wallpapers/top?t=week&limit=64&raw_json=1 HTTP/1.1" 200 35800
2020-04-29 18:07:02,203 DEBUG = prawcore: Response: 200 (35800 bytes)
2020-04-29 18:07:02,210 INFO = root: Reddit call limit:64
2020-04-29 18:07:02,211 INFO = root: Picture found
2020-04-29 18:07:02,211 DEBUG = urllib3.connectionpool: Starting new HTTPS connection (1): i.redd.it:443
2020-04-29 18:07:02,326 DEBUG = urllib3.connectionpool: https://i.redd.it:443 "GET /z2wid43m4wu41.jpg HTTP/1.1" 200 1001554
2020-04-29 18:07:02,453 INFO = root: 2. Logging proir image url
2020-04-29 18:07:02,454 INFO = root: 3. Coinverting picture to screen size and adding text
2020-04-29 18:07:03,924 INFO = root: Finding most frequent color in image
2020-04-29 18:07:04,157 INFO = root: Text color set: light
2020-04-29 18:07:06,622 INFO = root: Adding text to image
2020-04-29 18:07:06,622 INFO = root: Cleaning text input
2020-04-29 18:07:06,631 INFO = root: Adding text to image
2020-04-29 18:07:06,631 INFO = root: Cleaning text input
2020-04-29 18:07:06,635 INFO = root: Adding text to image
2020-04-29 18:07:06,635 INFO = root: Cleaning text input
2020-04-29 18:07:07,952 INFO = root: 4. Picture saved
2020-04-29 18:07:16,569 INFO = root: Updating current image
2020-04-29 18:07:16,571 INFO = root: Background: img/image_current.jpg successfully opened.
2020-04-29 18:07:16,571 INFO = root: 1. Finding image:
2020-04-29 18:07:16,571 INFO = root: File named: conf/subreddits.txt successfully opened.
2020-04-29 18:07:16,571 INFO = root: File named: logs/proir_image.txt successfully opened.
2020-04-29 18:07:16,572 DEBUG = prawcore: Fetching: GET https://oauth.reddit.com/r/wallpapers/top
2020-04-29 18:07:16,572 DEBUG = prawcore: Data: None
2020-04-29 18:07:16,572 DEBUG = prawcore: Params: {'t': 'week', 'limit': 1, 'raw_json': 1}
2020-04-29 18:07:16,573 DEBUG = urllib3.connectionpool: Starting new HTTPS connection (1): www.reddit.com:443
2020-04-29 18:07:16,747 DEBUG = urllib3.connectionpool: https://www.reddit.com:443 "POST /api/v1/access_token HTTP/1.1" 200 106
2020-04-29 18:07:16,750 DEBUG = urllib3.connectionpool: Starting new HTTPS connection (1): oauth.reddit.com:443
2020-04-29 18:07:16,958 DEBUG = urllib3.connectionpool: https://oauth.reddit.com:443 "GET /r/wallpapers/top?t=week&limit=1&raw_json=1 HTTP/1.1" 200 2151
2020-04-29 18:07:16,959 DEBUG = prawcore: Response: 200 (2151 bytes)
2020-04-29 18:07:16,960 INFO = root: Reddit call limit:1
2020-04-29 18:07:16,960 DEBUG = prawcore: Fetching: GET https://oauth.reddit.com/r/wallpapers/top
2020-04-29 18:07:16,960 DEBUG = prawcore: Data: None
2020-04-29 18:07:16,960 DEBUG = prawcore: Params: {'t': 'week', 'limit': 2, 'raw_json': 1}
2020-04-29 18:07:16,961 DEBUG = urllib3.connectionpool: Starting new HTTPS connection (1): www.reddit.com:443
2020-04-29 18:07:17,130 DEBUG = urllib3.connectionpool: https://www.reddit.com:443 "POST /api/v1/access_token HTTP/1.1" 200 106
2020-04-29 18:07:17,132 DEBUG = urllib3.connectionpool: Starting new HTTPS connection (1): oauth.reddit.com:443
2020-04-29 18:07:17,485 DEBUG = urllib3.connectionpool: https://oauth.reddit.com:443 "GET /r/wallpapers/top?t=week&limit=2&raw_json=1 HTTP/1.1" 200 2703
2020-04-29 18:07:17,486 DEBUG = prawcore: Response: 200 (2703 bytes)
2020-04-29 18:07:17,487 INFO = root: Reddit call limit:2
2020-04-29 18:07:17,487 DEBUG = prawcore: Fetching: GET https://oauth.reddit.com/r/wallpapers/top
2020-04-29 18:07:17,487 DEBUG = prawcore: Data: None
2020-04-29 18:07:17,487 DEBUG = prawcore: Params: {'t': 'week', 'limit': 4, 'raw_json': 1}
2020-04-29 18:07:17,488 DEBUG = urllib3.connectionpool: Starting new HTTPS connection (1): www.reddit.com:443
2020-04-29 18:07:17,646 DEBUG = urllib3.connectionpool: https://www.reddit.com:443 "POST /api/v1/access_token HTTP/1.1" 200 106
2020-04-29 18:07:17,647 DEBUG = urllib3.connectionpool: Starting new HTTPS connection (1): oauth.reddit.com:443
2020-04-29 18:07:17,877 DEBUG = urllib3.connectionpool: https://oauth.reddit.com:443 "GET /r/wallpapers/top?t=week&limit=4&raw_json=1 HTTP/1.1" 200 4336
2020-04-29 18:07:17,878 DEBUG = prawcore: Response: 200 (4336 bytes)
2020-04-29 18:07:17,878 INFO = root: Reddit call limit:4
2020-04-29 18:07:17,879 DEBUG = prawcore: Fetching: GET https://oauth.reddit.com/r/wallpapers/top
2020-04-29 18:07:17,879 DEBUG = prawcore: Data: None
2020-04-29 18:07:17,879 DEBUG = prawcore: Params: {'t': 'week', 'limit': 8, 'raw_json': 1}
2020-04-29 18:07:17,880 DEBUG = urllib3.connectionpool: Starting new HTTPS connection (1): www.reddit.com:443
2020-04-29 18:07:18,024 DEBUG = urllib3.connectionpool: https://www.reddit.com:443 "POST /api/v1/access_token HTTP/1.1" 200 106
2020-04-29 18:07:18,026 DEBUG = urllib3.connectionpool: Starting new HTTPS connection (1): oauth.reddit.com:443
2020-04-29 18:07:18,264 DEBUG = urllib3.connectionpool: https://oauth.reddit.com:443 "GET /r/wallpapers/top?t=week&limit=8&raw_json=1 HTTP/1.1" 200 6433
2020-04-29 18:07:18,265 DEBUG = prawcore: Response: 200 (6433 bytes)
2020-04-29 18:07:18,267 INFO = root: Reddit call limit:8
2020-04-29 18:07:18,267 DEBUG = prawcore: Fetching: GET https://oauth.reddit.com/r/wallpapers/top
2020-04-29 18:07:18,267 DEBUG = prawcore: Data: None
2020-04-29 18:07:18,267 DEBUG = prawcore: Params: {'t': 'week', 'limit': 16, 'raw_json': 1}
2020-04-29 18:07:18,268 DEBUG = urllib3.connectionpool: Starting new HTTPS connection (1): www.reddit.com:443
2020-04-29 18:07:18,423 DEBUG = urllib3.connectionpool: https://www.reddit.com:443 "POST /api/v1/access_token HTTP/1.1" 200 106
2020-04-29 18:07:18,424 DEBUG = urllib3.connectionpool: Starting new HTTPS connection (1): oauth.reddit.com:443
2020-04-29 18:07:18,724 DEBUG = urllib3.connectionpool: https://oauth.reddit.com:443 "GET /r/wallpapers/top?t=week&limit=16&raw_json=1 HTTP/1.1" 200 10558
2020-04-29 18:07:18,725 DEBUG = prawcore: Response: 200 (10558 bytes)
2020-04-29 18:07:18,727 INFO = root: Reddit call limit:16
2020-04-29 18:07:18,727 DEBUG = prawcore: Fetching: GET https://oauth.reddit.com/r/wallpapers/top
2020-04-29 18:07:18,727 DEBUG = prawcore: Data: None
2020-04-29 18:07:18,727 DEBUG = prawcore: Params: {'t': 'week', 'limit': 32, 'raw_json': 1}
2020-04-29 18:07:18,728 DEBUG = urllib3.connectionpool: Starting new HTTPS connection (1): www.reddit.com:443
2020-04-29 18:07:18,921 DEBUG = urllib3.connectionpool: https://www.reddit.com:443 "POST /api/v1/access_token HTTP/1.1" 200 106
2020-04-29 18:07:18,922 DEBUG = urllib3.connectionpool: Starting new HTTPS connection (1): oauth.reddit.com:443
2020-04-29 18:07:19,554 DEBUG = urllib3.connectionpool: https://oauth.reddit.com:443 "GET /r/wallpapers/top?t=week&limit=32&raw_json=1 HTTP/1.1" 200 18552
2020-04-29 18:07:19,572 DEBUG = prawcore: Response: 200 (18552 bytes)
2020-04-29 18:07:19,575 INFO = root: Reddit call limit:32
2020-04-29 18:07:19,575 DEBUG = prawcore: Fetching: GET https://oauth.reddit.com/r/wallpapers/top
2020-04-29 18:07:19,575 DEBUG = prawcore: Data: None
2020-04-29 18:07:19,575 DEBUG = prawcore: Params: {'t': 'week', 'limit': 64, 'raw_json': 1}
2020-04-29 18:07:19,576 DEBUG = urllib3.connectionpool: Starting new HTTPS connection (1): www.reddit.com:443
2020-04-29 18:07:19,728 DEBUG = urllib3.connectionpool: https://www.reddit.com:443 "POST /api/v1/access_token HTTP/1.1" 200 106
2020-04-29 18:07:19,729 DEBUG = urllib3.connectionpool: Starting new HTTPS connection (1): oauth.reddit.com:443
2020-04-29 18:07:20,431 DEBUG = urllib3.connectionpool: https://oauth.reddit.com:443 "GET /r/wallpapers/top?t=week&limit=64&raw_json=1 HTTP/1.1" 200 35727
2020-04-29 18:07:20,453 DEBUG = prawcore: Response: 200 (35727 bytes)
2020-04-29 18:07:20,460 INFO = root: Reddit call limit:64
2020-04-29 18:07:20,460 INFO = root: Picture found
2020-04-29 18:07:20,461 DEBUG = urllib3.connectionpool: Starting new HTTPS connection (1): i.redd.it:443
2020-04-29 18:07:20,565 DEBUG = urllib3.connectionpool: https://i.redd.it:443 "GET /wwfud6wkoqu41.jpg HTTP/1.1" 200 821406
2020-04-29 18:07:20,688 INFO = root: 2. Logging proir image url
2020-04-29 18:07:20,688 INFO = root: 3. Coinverting picture to screen size and adding text
2020-04-29 18:07:22,506 INFO = root: Finding most frequent color in image
2020-04-29 18:07:22,674 INFO = root: Text color set: light
2020-04-29 18:07:25,146 INFO = root: Adding text to image
2020-04-29 18:07:25,146 INFO = root: Cleaning text input
2020-04-29 18:07:25,155 INFO = root: Adding text to image
2020-04-29 18:07:25,155 INFO = root: Cleaning text input
2020-04-29 18:07:25,159 INFO = root: Adding text to image
2020-04-29 18:07:25,159 INFO = root: Cleaning text input
2020-04-29 18:07:26,415 INFO = root: 4. Picture saved
2020-04-29 18:10:44,086 INFO = root: Updating current image
2020-04-29 18:10:44,088 INFO = root: Background: img/image_current.jpg successfully opened.
2020-04-29 18:10:44,088 INFO = root: 1. Finding image:
2020-04-29 18:10:44,089 INFO = root: File named: conf/subreddits.txt successfully opened.
2020-04-29 18:10:44,094 INFO = root: File named: logs/proir_image.txt successfully opened.
2020-04-29 18:10:44,095 DEBUG = prawcore: Fetching: GET https://oauth.reddit.com/r/wallpapers/top
2020-04-29 18:10:44,095 DEBUG = prawcore: Data: None
2020-04-29 18:10:44,095 DEBUG = prawcore: Params: {'t': 'week', 'limit': 1, 'raw_json': 1}
2020-04-29 18:10:44,097 DEBUG = urllib3.connectionpool: Starting new HTTPS connection (1): www.reddit.com:443
2020-04-29 18:10:44,279 DEBUG = urllib3.connectionpool: https://www.reddit.com:443 "POST /api/v1/access_token HTTP/1.1" 200 106
2020-04-29 18:10:44,283 DEBUG = urllib3.connectionpool: Starting new HTTPS connection (1): oauth.reddit.com:443
2020-04-29 18:10:44,507 DEBUG = urllib3.connectionpool: https://oauth.reddit.com:443 "GET /r/wallpapers/top?t=week&limit=1&raw_json=1 HTTP/1.1" 200 2151
2020-04-29 18:10:44,508 DEBUG = prawcore: Response: 200 (2151 bytes)
2020-04-29 18:10:44,509 INFO = root: Reddit call limit:1
2020-04-29 18:10:44,509 DEBUG = prawcore: Fetching: GET https://oauth.reddit.com/r/wallpapers/top
2020-04-29 18:10:44,509 DEBUG = prawcore: Data: None
2020-04-29 18:10:44,509 DEBUG = prawcore: Params: {'t': 'week', 'limit': 2, 'raw_json': 1}
2020-04-29 18:10:44,510 DEBUG = urllib3.connectionpool: Starting new HTTPS connection (1): www.reddit.com:443
2020-04-29 18:10:44,676 DEBUG = urllib3.connectionpool: https://www.reddit.com:443 "POST /api/v1/access_token HTTP/1.1" 200 106
2020-04-29 18:10:44,678 DEBUG = urllib3.connectionpool: Starting new HTTPS connection (1): oauth.reddit.com:443
2020-04-29 18:10:44,885 DEBUG = urllib3.connectionpool: https://oauth.reddit.com:443 "GET /r/wallpapers/top?t=week&limit=2&raw_json=1 HTTP/1.1" 200 2704
2020-04-29 18:10:44,886 DEBUG = prawcore: Response: 200 (2704 bytes)
2020-04-29 18:10:44,886 INFO = root: Reddit call limit:2
2020-04-29 18:10:44,887 DEBUG = prawcore: Fetching: GET https://oauth.reddit.com/r/wallpapers/top
2020-04-29 18:10:44,887 DEBUG = prawcore: Data: None
2020-04-29 18:10:44,887 DEBUG = prawcore: Params: {'t': 'week', 'limit': 4, 'raw_json': 1}
2020-04-29 18:10:44,888 DEBUG = urllib3.connectionpool: Starting new HTTPS connection (1): www.reddit.com:443
2020-04-29 18:10:45,078 DEBUG = urllib3.connectionpool: https://www.reddit.com:443 "POST /api/v1/access_token HTTP/1.1" 200 106
2020-04-29 18:10:45,079 DEBUG = urllib3.connectionpool: Starting new HTTPS connection (1): oauth.reddit.com:443
2020-04-29 18:10:45,301 DEBUG = urllib3.connectionpool: https://oauth.reddit.com:443 "GET /r/wallpapers/top?t=week&limit=4&raw_json=1 HTTP/1.1" 200 4339
2020-04-29 18:10:45,302 DEBUG = prawcore: Response: 200 (4339 bytes)
2020-04-29 18:10:45,302 INFO = root: Reddit call limit:4
2020-04-29 18:10:45,303 DEBUG = prawcore: Fetching: GET https://oauth.reddit.com/r/wallpapers/top
2020-04-29 18:10:45,303 DEBUG = prawcore: Data: None
2020-04-29 18:10:45,303 DEBUG = prawcore: Params: {'t': 'week', 'limit': 8, 'raw_json': 1}
2020-04-29 18:10:45,304 DEBUG = urllib3.connectionpool: Starting new HTTPS connection (1): www.reddit.com:443
2020-04-29 18:10:45,465 DEBUG = urllib3.connectionpool: https://www.reddit.com:443 "POST /api/v1/access_token HTTP/1.1" 200 106
2020-04-29 18:10:45,466 DEBUG = urllib3.connectionpool: Starting new HTTPS connection (1): oauth.reddit.com:443
2020-04-29 18:10:45,708 DEBUG = urllib3.connectionpool: https://oauth.reddit.com:443 "GET /r/wallpapers/top?t=week&limit=8&raw_json=1 HTTP/1.1" 200 6423
2020-04-29 18:10:45,709 DEBUG = prawcore: Response: 200 (6423 bytes)
2020-04-29 18:10:45,711 INFO = root: Reddit call limit:8
2020-04-29 18:10:45,711 DEBUG = prawcore: Fetching: GET https://oauth.reddit.com/r/wallpapers/top
2020-04-29 18:10:45,711 DEBUG = prawcore: Data: None
2020-04-29 18:10:45,711 DEBUG = prawcore: Params: {'t': 'week', 'limit': 16, 'raw_json': 1}
2020-04-29 18:10:45,713 DEBUG = urllib3.connectionpool: Starting new HTTPS connection (1): www.reddit.com:443
2020-04-29 18:10:45,867 DEBUG = urllib3.connectionpool: https://www.reddit.com:443 "POST /api/v1/access_token HTTP/1.1" 200 106
2020-04-29 18:10:45,869 DEBUG = urllib3.connectionpool: Starting new HTTPS connection (1): oauth.reddit.com:443
2020-04-29 18:10:46,216 DEBUG = urllib3.connectionpool: https://oauth.reddit.com:443 "GET /r/wallpapers/top?t=week&limit=16&raw_json=1 HTTP/1.1" 200 10567
2020-04-29 18:10:46,217 DEBUG = prawcore: Response: 200 (10567 bytes)
2020-04-29 18:10:46,219 INFO = root: Reddit call limit:16
2020-04-29 18:10:46,220 DEBUG = prawcore: Fetching: GET https://oauth.reddit.com/r/wallpapers/top
2020-04-29 18:10:46,220 DEBUG = prawcore: Data: None
2020-04-29 18:10:46,220 DEBUG = prawcore: Params: {'t': 'week', 'limit': 32, 'raw_json': 1}
2020-04-29 18:10:46,220 DEBUG = urllib3.connectionpool: Starting new HTTPS connection (1): www.reddit.com:443
2020-04-29 18:10:46,369 DEBUG = urllib3.connectionpool: https://www.reddit.com:443 "POST /api/v1/access_token HTTP/1.1" 200 106
2020-04-29 18:10:46,370 DEBUG = urllib3.connectionpool: Starting new HTTPS connection (1): oauth.reddit.com:443
2020-04-29 18:10:46,858 DEBUG = urllib3.connectionpool: https://oauth.reddit.com:443 "GET /r/wallpapers/top?t=week&limit=32&raw_json=1 HTTP/1.1" 200 18568
2020-04-29 18:10:46,877 DEBUG = prawcore: Response: 200 (18568 bytes)
2020-04-29 18:10:46,880 INFO = root: Reddit call limit:32
2020-04-29 18:10:46,880 DEBUG = prawcore: Fetching: GET https://oauth.reddit.com/r/wallpapers/top
2020-04-29 18:10:46,880 DEBUG = prawcore: Data: None
2020-04-29 18:10:46,882 DEBUG = prawcore: Params: {'t': 'week', 'limit': 64, 'raw_json': 1}
2020-04-29 18:10:46,882 DEBUG = urllib3.connectionpool: Starting new HTTPS connection (1): www.reddit.com:443
2020-04-29 18:10:47,039 DEBUG = urllib3.connectionpool: https://www.reddit.com:443 "POST /api/v1/access_token HTTP/1.1" 200 106
2020-04-29 18:10:47,040 DEBUG = urllib3.connectionpool: Starting new HTTPS connection (1): oauth.reddit.com:443
2020-04-29 18:10:47,728 DEBUG = urllib3.connectionpool: https://oauth.reddit.com:443 "GET /r/wallpapers/top?t=week&limit=64&raw_json=1 HTTP/1.1" 200 35697
2020-04-29 18:10:47,751 DEBUG = prawcore: Response: 200 (35697 bytes)
2020-04-29 18:10:47,758 INFO = root: Reddit call limit:64
2020-04-29 18:10:47,759 INFO = root: Picture found
2020-04-29 18:10:47,760 DEBUG = urllib3.connectionpool: Starting new HTTPS connection (1): i.redd.it:443
2020-04-29 18:10:47,876 DEBUG = urllib3.connectionpool: https://i.redd.it:443 "GET /udq1y2utk4v41.jpg HTTP/1.1" 200 1148929
2020-04-29 18:10:48,001 INFO = root: 2. Logging proir image url
2020-04-29 18:10:48,002 INFO = root: 3. Coinverting picture to screen size and adding text
2020-04-29 18:10:49,759 INFO = root: Finding most frequent color in image
2020-04-29 18:10:49,910 INFO = root: Text color set: light
2020-04-29 18:10:52,392 INFO = root: Adding text to image
2020-04-29 18:10:52,392 INFO = root: Cleaning text input
2020-04-29 18:10:52,401 INFO = root: Adding text to image
2020-04-29 18:10:52,401 INFO = root: Cleaning text input
2020-04-29 18:10:52,405 INFO = root: Adding text to image
2020-04-29 18:10:52,407 INFO = root: Cleaning text input
2020-04-29 18:10:53,667 INFO = root: 4. Picture saved
2020-04-29 18:11:23,896 INFO = root: Updating current image
2020-04-29 18:11:23,898 INFO = root: Background: img/image_current.jpg successfully opened.
2020-04-29 18:11:23,898 INFO = root: 1. Finding image:
2020-04-29 18:11:23,900 INFO = root: File named: conf/subreddits.txt successfully opened.
2020-04-29 18:11:23,901 INFO = root: File named: logs/proir_image.txt successfully opened.
2020-04-29 18:11:23,902 DEBUG = prawcore: Fetching: GET https://oauth.reddit.com/r/wallpapers/top
2020-04-29 18:11:23,902 DEBUG = prawcore: Data: None
2020-04-29 18:11:23,902 DEBUG = prawcore: Params: {'t': 'week', 'limit': 1, 'raw_json': 1}
2020-04-29 18:11:23,903 DEBUG = urllib3.connectionpool: Starting new HTTPS connection (1): www.reddit.com:443
2020-04-29 18:11:24,122 DEBUG = urllib3.connectionpool: https://www.reddit.com:443 "POST /api/v1/access_token HTTP/1.1" 200 106
2020-04-29 18:11:24,125 DEBUG = urllib3.connectionpool: Starting new HTTPS connection (1): oauth.reddit.com:443
2020-04-29 18:11:24,366 DEBUG = urllib3.connectionpool: https://oauth.reddit.com:443 "GET /r/wallpapers/top?t=week&limit=1&raw_json=1 HTTP/1.1" 200 2151
2020-04-29 18:11:24,367 DEBUG = prawcore: Response: 200 (2151 bytes)
2020-04-29 18:11:24,367 INFO = root: Reddit call limit:1
2020-04-29 18:11:24,368 DEBUG = prawcore: Fetching: GET https://oauth.reddit.com/r/wallpapers/top
2020-04-29 18:11:24,368 DEBUG = prawcore: Data: None
2020-04-29 18:11:24,368 DEBUG = prawcore: Params: {'t': 'week', 'limit': 2, 'raw_json': 1}
2020-04-29 18:11:24,369 DEBUG = urllib3.connectionpool: Starting new HTTPS connection (1): www.reddit.com:443
2020-04-29 18:11:24,517 DEBUG = urllib3.connectionpool: https://www.reddit.com:443 "POST /api/v1/access_token HTTP/1.1" 200 106
2020-04-29 18:11:24,519 DEBUG = urllib3.connectionpool: Starting new HTTPS connection (1): oauth.reddit.com:443
2020-04-29 18:11:24,720 DEBUG = urllib3.connectionpool: https://oauth.reddit.com:443 "GET /r/wallpapers/top?t=week&limit=2&raw_json=1 HTTP/1.1" 200 2703
2020-04-29 18:11:24,720 DEBUG = prawcore: Response: 200 (2703 bytes)
2020-04-29 18:11:24,721 INFO = root: Reddit call limit:2
2020-04-29 18:11:24,721 DEBUG = prawcore: Fetching: GET https://oauth.reddit.com/r/wallpapers/top
2020-04-29 18:11:24,721 DEBUG = prawcore: Data: None
2020-04-29 18:11:24,721 DEBUG = prawcore: Params: {'t': 'week', 'limit': 4, 'raw_json': 1}
2020-04-29 18:11:24,722 DEBUG = urllib3.connectionpool: Starting new HTTPS connection (1): www.reddit.com:443
2020-04-29 18:11:24,890 DEBUG = urllib3.connectionpool: https://www.reddit.com:443 "POST /api/v1/access_token HTTP/1.1" 200 106
2020-04-29 18:11:24,892 DEBUG = urllib3.connectionpool: Starting new HTTPS connection (1): oauth.reddit.com:443
2020-04-29 18:11:25,176 DEBUG = urllib3.connectionpool: https://oauth.reddit.com:443 "GET /r/wallpapers/top?t=week&limit=4&raw_json=1 HTTP/1.1" 200 4334
2020-04-29 18:11:25,177 DEBUG = prawcore: Response: 200 (4334 bytes)
2020-04-29 18:11:25,178 INFO = root: Reddit call limit:4
2020-04-29 18:11:25,178 DEBUG = prawcore: Fetching: GET https://oauth.reddit.com/r/wallpapers/top
2020-04-29 18:11:25,178 DEBUG = prawcore: Data: None
2020-04-29 18:11:25,178 DEBUG = prawcore: Params: {'t': 'week', 'limit': 8, 'raw_json': 1}
2020-04-29 18:11:25,179 DEBUG = urllib3.connectionpool: Starting new HTTPS connection (1): www.reddit.com:443
2020-04-29 18:11:25,318 DEBUG = urllib3.connectionpool: https://www.reddit.com:443 "POST /api/v1/access_token HTTP/1.1" 200 106
2020-04-29 18:11:25,320 DEBUG = urllib3.connectionpool: Starting new HTTPS connection (1): oauth.reddit.com:443
2020-04-29 18:11:25,652 DEBUG = urllib3.connectionpool: https://oauth.reddit.com:443 "GET /r/wallpapers/top?t=week&limit=8&raw_json=1 HTTP/1.1" 200 6418
2020-04-29 18:11:25,653 DEBUG = prawcore: Response: 200 (6418 bytes)
2020-04-29 18:11:25,654 INFO = root: Reddit call limit:8
2020-04-29 18:11:25,655 DEBUG = prawcore: Fetching: GET https://oauth.reddit.com/r/wallpapers/top
2020-04-29 18:11:25,655 DEBUG = prawcore: Data: None
2020-04-29 18:11:25,655 DEBUG = prawcore: Params: {'t': 'week', 'limit': 16, 'raw_json': 1}
2020-04-29 18:11:25,656 DEBUG = urllib3.connectionpool: Starting new HTTPS connection (1): www.reddit.com:443
2020-04-29 18:11:25,813 DEBUG = urllib3.connectionpool: https://www.reddit.com:443 "POST /api/v1/access_token HTTP/1.1" 200 106
2020-04-29 18:11:25,815 DEBUG = urllib3.connectionpool: Starting new HTTPS connection (1): oauth.reddit.com:443
2020-04-29 18:11:26,107 DEBUG = urllib3.connectionpool: https://oauth.reddit.com:443 "GET /r/wallpapers/top?t=week&limit=16&raw_json=1 HTTP/1.1" 200 10559
2020-04-29 18:11:26,108 DEBUG = prawcore: Response: 200 (10559 bytes)
2020-04-29 18:11:26,111 INFO = root: Reddit call limit:16
2020-04-29 18:11:26,111 DEBUG = prawcore: Fetching: GET https://oauth.reddit.com/r/wallpapers/top
2020-04-29 18:11:26,111 DEBUG = prawcore: Data: None
2020-04-29 18:11:26,111 DEBUG = prawcore: Params: {'t': 'week', 'limit': 32, 'raw_json': 1}
2020-04-29 18:11:26,112 DEBUG = urllib3.connectionpool: Starting new HTTPS connection (1): www.reddit.com:443
2020-04-29 18:11:26,259 DEBUG = urllib3.connectionpool: https://www.reddit.com:443 "POST /api/v1/access_token HTTP/1.1" 200 106
2020-04-29 18:11:26,261 DEBUG = urllib3.connectionpool: Starting new HTTPS connection (1): oauth.reddit.com:443
2020-04-29 18:11:26,722 DEBUG = urllib3.connectionpool: https://oauth.reddit.com:443 "GET /r/wallpapers/top?t=week&limit=32&raw_json=1 HTTP/1.1" 200 18547
2020-04-29 18:11:26,739 DEBUG = prawcore: Response: 200 (18547 bytes)
2020-04-29 18:11:26,743 INFO = root: Reddit call limit:32
2020-04-29 18:11:26,743 DEBUG = prawcore: Fetching: GET https://oauth.reddit.com/r/wallpapers/top
2020-04-29 18:11:26,743 DEBUG = prawcore: Data: None
2020-04-29 18:11:26,743 DEBUG = prawcore: Params: {'t': 'week', 'limit': 64, 'raw_json': 1}
2020-04-29 18:11:26,744 DEBUG = urllib3.connectionpool: Starting new HTTPS connection (1): www.reddit.com:443
2020-04-29 18:11:26,901 DEBUG = urllib3.connectionpool: https://www.reddit.com:443 "POST /api/v1/access_token HTTP/1.1" 200 106
2020-04-29 18:11:26,902 DEBUG = urllib3.connectionpool: Starting new HTTPS connection (1): oauth.reddit.com:443
2020-04-29 18:11:28,037 DEBUG = urllib3.connectionpool: https://oauth.reddit.com:443 "GET /r/wallpapers/top?t=week&limit=64&raw_json=1 HTTP/1.1" 200 35724
2020-04-29 18:11:28,061 DEBUG = prawcore: Response: 200 (35724 bytes)
2020-04-29 18:11:28,068 INFO = root: Reddit call limit:64
2020-04-29 18:11:28,069 INFO = root: Picture found
2020-04-29 18:11:28,070 DEBUG = urllib3.connectionpool: Starting new HTTPS connection (1): i.redd.it:443
2020-04-29 18:11:28,179 DEBUG = urllib3.connectionpool: https://i.redd.it:443 "GET /kk7klyccl3v41.jpg HTTP/1.1" 200 574779
2020-04-29 18:11:28,303 INFO = root: 2. Logging proir image url
2020-04-29 18:11:28,304 INFO = root: 3. Coinverting picture to screen size and adding text
2020-04-29 18:11:29,980 INFO = root: Finding most frequent color in image
2020-04-29 18:11:30,220 INFO = root: Text color set: light
2020-04-29 18:11:32,668 INFO = root: Adding text to image
2020-04-29 18:11:32,668 INFO = root: Cleaning text input
2020-04-29 18:11:32,673 INFO = root: Adding text to image
2020-04-29 18:11:32,673 INFO = root: Cleaning text input
2020-04-29 18:11:32,677 INFO = root: Adding text to image
2020-04-29 18:11:32,679 INFO = root: Cleaning text input
2020-04-29 18:11:33,914 INFO = root: 4. Picture saved
2020-04-29 18:13:34,278 INFO = root: 0. Program Starting
2020-04-29 18:13:34,279 INFO = root: Updating current image
2020-04-29 18:13:34,280 INFO = root: Background: img/image_current.jpg successfully opened.
2020-04-29 18:13:34,281 INFO = root: 1. Finding image:
2020-04-29 18:13:34,281 INFO = root: File named: conf/subreddits.txt successfully opened.
2020-04-29 18:13:34,281 INFO = root: File named: logs/proir_image.txt successfully opened.
2020-04-29 18:13:34,282 DEBUG = prawcore: Fetching: GET https://oauth.reddit.com/r/wallpapers/top
2020-04-29 18:13:34,282 DEBUG = prawcore: Data: None
2020-04-29 18:13:34,282 DEBUG = prawcore: Params: {'t': 'week', 'limit': 1, 'raw_json': 1}
2020-04-29 18:13:34,283 DEBUG = urllib3.connectionpool: Starting new HTTPS connection (1): www.reddit.com:443
2020-04-29 18:13:34,497 DEBUG = urllib3.connectionpool: https://www.reddit.com:443 "POST /api/v1/access_token HTTP/1.1" 200 106
2020-04-29 18:13:34,499 DEBUG = urllib3.connectionpool: Starting new HTTPS connection (1): oauth.reddit.com:443
2020-04-29 18:13:34,715 DEBUG = urllib3.connectionpool: https://oauth.reddit.com:443 "GET /r/wallpapers/top?t=week&limit=1&raw_json=1 HTTP/1.1" 200 2152
2020-04-29 18:13:34,716 DEBUG = prawcore: Response: 200 (2152 bytes)
2020-04-29 18:13:34,716 INFO = root: Reddit call limit:1
2020-04-29 18:13:34,717 DEBUG = prawcore: Fetching: GET https://oauth.reddit.com/r/wallpapers/top
2020-04-29 18:13:34,717 DEBUG = prawcore: Data: None
2020-04-29 18:13:34,717 DEBUG = prawcore: Params: {'t': 'week', 'limit': 2, 'raw_json': 1}
2020-04-29 18:13:34,718 DEBUG = urllib3.connectionpool: Starting new HTTPS connection (1): www.reddit.com:443
2020-04-29 18:13:34,872 DEBUG = urllib3.connectionpool: https://www.reddit.com:443 "POST /api/v1/access_token HTTP/1.1" 200 106
2020-04-29 18:13:34,874 DEBUG = urllib3.connectionpool: Starting new HTTPS connection (1): oauth.reddit.com:443
2020-04-29 18:13:35,282 DEBUG = urllib3.connectionpool: https://oauth.reddit.com:443 "GET /r/wallpapers/top?t=week&limit=2&raw_json=1 HTTP/1.1" 200 2703
2020-04-29 18:13:35,283 DEBUG = prawcore: Response: 200 (2703 bytes)
2020-04-29 18:13:35,284 INFO = root: Reddit call limit:2
2020-04-29 18:13:35,285 DEBUG = prawcore: Fetching: GET https://oauth.reddit.com/r/wallpapers/top
2020-04-29 18:13:35,285 DEBUG = prawcore: Data: None
2020-04-29 18:13:35,285 DEBUG = prawcore: Params: {'t': 'week', 'limit': 4, 'raw_json': 1}
2020-04-29 18:13:35,285 DEBUG = urllib3.connectionpool: Starting new HTTPS connection (1): www.reddit.com:443
2020-04-29 18:13:35,425 DEBUG = urllib3.connectionpool: https://www.reddit.com:443 "POST /api/v1/access_token HTTP/1.1" 200 106
2020-04-29 18:13:35,426 DEBUG = urllib3.connectionpool: Starting new HTTPS connection (1): oauth.reddit.com:443
2020-04-29 18:13:35,668 DEBUG = urllib3.connectionpool: https://oauth.reddit.com:443 "GET /r/wallpapers/top?t=week&limit=4&raw_json=1 HTTP/1.1" 200 4338
2020-04-29 18:13:35,669 DEBUG = prawcore: Response: 200 (4338 bytes)
2020-04-29 18:13:35,670 INFO = root: Reddit call limit:4
2020-04-29 18:13:35,671 DEBUG = prawcore: Fetching: GET https://oauth.reddit.com/r/wallpapers/top
2020-04-29 18:13:35,671 DEBUG = prawcore: Data: None
2020-04-29 18:13:35,671 DEBUG = prawcore: Params: {'t': 'week', 'limit': 8, 'raw_json': 1}
2020-04-29 18:13:35,672 DEBUG = urllib3.connectionpool: Starting new HTTPS connection (1): www.reddit.com:443
2020-04-29 18:13:35,837 DEBUG = urllib3.connectionpool: https://www.reddit.com:443 "POST /api/v1/access_token HTTP/1.1" 200 106
2020-04-29 18:13:35,838 DEBUG = urllib3.connectionpool: Starting new HTTPS connection (1): oauth.reddit.com:443
2020-04-29 18:13:36,093 DEBUG = urllib3.connectionpool: https://oauth.reddit.com:443 "GET /r/wallpapers/top?t=week&limit=8&raw_json=1 HTTP/1.1" 200 6436
2020-04-29 18:13:36,094 DEBUG = prawcore: Response: 200 (6436 bytes)
2020-04-29 18:13:36,095 INFO = root: Reddit call limit:8
2020-04-29 18:13:36,095 DEBUG = prawcore: Fetching: GET https://oauth.reddit.com/r/wallpapers/top
2020-04-29 18:13:36,096 DEBUG = prawcore: Data: None
2020-04-29 18:13:36,096 DEBUG = prawcore: Params: {'t': 'week', 'limit': 16, 'raw_json': 1}
2020-04-29 18:13:36,096 DEBUG = urllib3.connectionpool: Starting new HTTPS connection (1): www.reddit.com:443
2020-04-29 18:13:36,251 DEBUG = urllib3.connectionpool: https://www.reddit.com:443 "POST /api/v1/access_token HTTP/1.1" 200 106
2020-04-29 18:13:36,252 DEBUG = urllib3.connectionpool: Starting new HTTPS connection (1): oauth.reddit.com:443
2020-04-29 18:13:36,554 DEBUG = urllib3.connectionpool: https://oauth.reddit.com:443 "GET /r/wallpapers/top?t=week&limit=16&raw_json=1 HTTP/1.1" 200 10562
2020-04-29 18:13:36,555 DEBUG = prawcore: Response: 200 (10562 bytes)
2020-04-29 18:13:36,557 INFO = root: Reddit call limit:16
2020-04-29 18:13:36,558 DEBUG = prawcore: Fetching: GET https://oauth.reddit.com/r/wallpapers/top
2020-04-29 18:13:36,558 DEBUG = prawcore: Data: None
2020-04-29 18:13:36,558 DEBUG = prawcore: Params: {'t': 'week', 'limit': 32, 'raw_json': 1}
2020-04-29 18:13:36,559 DEBUG = urllib3.connectionpool: Starting new HTTPS connection (1): www.reddit.com:443
2020-04-29 18:13:36,730 DEBUG = urllib3.connectionpool: https://www.reddit.com:443 "POST /api/v1/access_token HTTP/1.1" 200 106
2020-04-29 18:13:36,731 DEBUG = urllib3.connectionpool: Starting new HTTPS connection (1): oauth.reddit.com:443
2020-04-29 18:13:37,185 DEBUG = urllib3.connectionpool: https://oauth.reddit.com:443 "GET /r/wallpapers/top?t=week&limit=32&raw_json=1 HTTP/1.1" 200 18553
2020-04-29 18:13:37,201 DEBUG = prawcore: Response: 200 (18553 bytes)
2020-04-29 18:13:37,205 INFO = root: Reddit call limit:32
2020-04-29 18:13:37,206 DEBUG = prawcore: Fetching: GET https://oauth.reddit.com/r/wallpapers/top
2020-04-29 18:13:37,206 DEBUG = prawcore: Data: None
2020-04-29 18:13:37,206 DEBUG = prawcore: Params: {'t': 'week', 'limit': 64, 'raw_json': 1}
2020-04-29 18:13:37,207 DEBUG = urllib3.connectionpool: Starting new HTTPS connection (1): www.reddit.com:443
2020-04-29 18:13:37,386 DEBUG = urllib3.connectionpool: https://www.reddit.com:443 "POST /api/v1/access_token HTTP/1.1" 200 106
2020-04-29 18:13:37,387 DEBUG = urllib3.connectionpool: Starting new HTTPS connection (1): oauth.reddit.com:443
2020-04-29 18:13:38,087 DEBUG = urllib3.connectionpool: https://oauth.reddit.com:443 "GET /r/wallpapers/top?t=week&limit=64&raw_json=1 HTTP/1.1" 200 35749
2020-04-29 18:13:38,112 DEBUG = prawcore: Response: 200 (35749 bytes)
2020-04-29 18:13:38,119 INFO = root: Reddit call limit:64
2020-04-29 18:13:38,119 INFO = root: Picture found
2020-04-29 18:13:38,120 DEBUG = urllib3.connectionpool: Starting new HTTPS connection (1): i.redd.it:443
2020-04-29 18:13:38,243 DEBUG = urllib3.connectionpool: https://i.redd.it:443 "GET /ahahxbxdcmu41.jpg HTTP/1.1" 200 540055
2020-04-29 18:13:38,351 INFO = root: 2. Logging proir image url
2020-04-29 18:13:38,351 INFO = root: 3. Coinverting picture to screen size and adding text
2020-04-29 18:13:39,761 INFO = root: Finding most frequent color in image
2020-04-29 18:13:39,818 INFO = root: Text color set: light
2020-04-29 18:13:42,199 INFO = root: Adding text to image
2020-04-29 18:13:42,199 INFO = root: Cleaning text input
2020-04-29 18:13:42,209 INFO = root: Adding text to image
2020-04-29 18:13:42,210 INFO = root: Cleaning text input
2020-04-29 18:13:42,214 INFO = root: Adding text to image
2020-04-29 18:13:42,215 INFO = root: Cleaning text input
2020-04-29 18:13:43,415 INFO = root: 4. Program Finished - program exiting
